Build started 10/8/2014 7:29:52 PM.
     1>Project "C:\Users\Gangbaolede Li\Desktop\courseware\src\C Statechart\libstatechart Visual Studio Solution\libstatechart.vcxproj" on node 2 (Build target(s)).
     1>ClCompile:
         C:\Program Files (x86)\Microsoft Visual Studio 12.0\VC\bin\CL.exe /c /Zi /nologo /W3 /WX- /O2 /Oi /Oy- /GL /D WIN32 /D MyRio_1950 /D LIBSTATECHARTEXAMPLE_EXPORTS /D NDEBUG /D _WINDOWS /D _USRDLL /D LIBSTATECHART_EXPORTS /D _WINDLL /D _UNICODE /D UNICODE /Gm- /EHsc /MD /GS /Gy /fp:precise /Zc:wchar_t /Zc:forScope /Fo"Release\\" /Fd"Release\vc120.pdb" /Gd /TC /analyze- /errorReport:prompt ..\irobotNavigationStatechart.c
         irobotNavigationStatechart.c
       Link:
         C:\Program Files (x86)\Microsoft Visual Studio 12.0\VC\bin\link.exe /ERRORREPORT:PROMPT /OUT:"C:\Users\Gangbaolede Li\Desktop\courseware\src\C Statechart\libstatechart Visual Studio Solution\..\..\..\CyberSim\libstatechart.dll" /INCREMENTAL:NO /NOLOGO visa32.lib kernel32.lib user32.lib gdi32.lib winspool.lib comdlg32.lib advapi32.lib shell32.lib ole32.lib oleaut32.lib uuid.lib odbc32.lib odbccp32.lib /MANIFEST /MANIFESTUAC:"level='asInvoker' uiAccess='false'" /manifest:embed /DEBUG /PDB:"C:\Users\Gangbaolede Li\Desktop\courseware\src\C Statechart\libstatechart Visual Studio Solution\..\..\..\CyberSim\libstatechart.pdb" /SUBSYSTEM:WINDOWS /OPT:REF /OPT:ICF /LTCG /TLBID:1 /DYNAMICBASE /NXCOMPAT /IMPLIB:"C:\Users\Gangbaolede Li\Desktop\courseware\src\C Statechart\libstatechart Visual Studio Solution\..\..\..\CyberSim\libstatechart.lib" /MACHINE:X86 /SAFESEH /DLL Release\irobot.obj
         Release\irobotActuator.obj
         Release\irobotCommand.obj
         Release\irobotError.obj
         Release\irobotSensor.obj
         Release\irobotSensorPoll.obj
         Release\irobotSensorStream.obj
         Release\irobotTime.obj
         Release\irobotUART.obj
         Release\xqueue.obj
         Release\Accelerometer.obj
         Release\MyRio.obj
         Release\NiFpga.obj
         Release\UART.obj
         Release\irobotNavigationStatechart.obj
         Release\irobotNavigationStatechartSimulation.obj
         ..\..\visa\visa32.lib
            Creating library C:\Users\Gangbaolede Li\Desktop\courseware\src\C Statechart\libstatechart Visual Studio Solution\..\..\..\CyberSim\libstatechart.lib and object C:\Users\Gangbaolede Li\Desktop\courseware\src\C Statechart\libstatechart Visual Studio Solution\..\..\..\CyberSim\libstatechart.exp
         Generating code
         Finished generating code
         libstatechart.vcxproj -> C:\Users\Gangbaolede Li\Desktop\courseware\src\C Statechart\libstatechart Visual Studio Solution\..\..\..\CyberSim\libstatechart.dll
     1>Done Building Project "C:\Users\Gangbaolede Li\Desktop\courseware\src\C Statechart\libstatechart Visual Studio Solution\libstatechart.vcxproj" (Build target(s)).

Build succeeded.

Time Elapsed 00:00:00.30
